This is pdfTeX, Version 3.14159265-2.6-1.40.20 (MiKTeX 2.9.7250 64-bit) (preloaded format=pdflatex 2020.1.25)  3 OCT 2020 17:45
entering extended mode
**./col1.tex
(col1.tex
LaTeX2e <2019-10-01> patch level 3

("C:\Users\Денис\AppData\Local\Programs\MiKTeX 2.9\tex/latex/base\article.
cls"
Document Class: article 2019/10/25 v1.4k Standard LaTeX document class

("C:\Users\Денис\AppData\Local\Programs\MiKTeX 2.9\tex/latex/base\size10.c
lo"
File: size10.clo 2019/10/25 v1.4k Standard LaTeX file (size option)
)
\c@part=\count80
\c@section=\count81
\c@subsection=\count82
\c@subsubsection=\count83
\c@paragraph=\count84
\c@subparagraph=\count85
\c@figure=\count86
\c@table=\count87
\abovecaptionskip=\skip41
\belowcaptionskip=\skip42
\bibindent=\dimen102
) (header.sty
("C:\Users\Денис\AppData\Local\Programs\MiKTeX 2.9\tex/latex/geometry\geom
etry.sty"
Package: geometry 2020/01/02 v5.9 Page Geometry

("C:\Users\Денис\AppData\Local\Programs\MiKTeX 2.9\tex/latex/graphics\keyv
al.sty"
Package: keyval 2014/10/28 v1.15 key=value parser (DPC)
\KV@toks@=\toks14
)
("C:\Users\Денис\AppData\Local\Programs\MiKTeX 2.9\tex/generic/iftex\ifvte
x.sty"
Package: ifvtex 2019/10/25 v1.7 ifvtex legacy package. Use iftex instead.

("C:\Users\Денис\AppData\Local\Programs\MiKTeX 2.9\tex/generic/iftex\iftex
.sty"
Package: iftex 2019/11/07 v1.0c TeX engine tests
))
\Gm@cnth=\count88
\Gm@cntv=\count89
\c@Gm@tempcnt=\count90
\Gm@bindingoffset=\dimen103
\Gm@wd@mp=\dimen104
\Gm@odd@mp=\dimen105
\Gm@even@mp=\dimen106
\Gm@layoutwidth=\dimen107
\Gm@layoutheight=\dimen108
\Gm@layouthoffset=\dimen109
\Gm@layoutvoffset=\dimen110
\Gm@dimlist=\toks15

("C:\Users\Денис\AppData\Local\Programs\MiKTeX 2.9\tex/latex/geometry\geom
etry.cfg"))
("C:\Users\Денис\AppData\Local\Programs\MiKTeX 2.9\tex/latex/cmap\cmap.sty
"
Package: cmap 2008/03/06 v1.0h CMap support: searchable PDF
)
("C:\Users\Денис\AppData\Local\Programs\MiKTeX 2.9\tex/latex/t2\mathtext.s
ty"
Package: mathtext 2018/04/13 v1.1 transparent text-and-math defs
LaTeX Info: Redefining \halign on input line 119.
)
("C:\Users\Денис\AppData\Local\Programs\MiKTeX 2.9\tex/latex/tools\indentf
irst.sty"
Package: indentfirst 1995/11/23 v1.03 Indent first paragraph (DPC)
)
("C:\Users\Денис\AppData\Local\Programs\MiKTeX 2.9\tex/latex/base\fontenc.
sty"
Package: fontenc 2018/08/11 v2.0j Standard LaTeX package

("C:\Users\Денис\AppData\Local\Programs\MiKTeX 2.9\tex/latex/cyrillic\t2ae
nc.def"
File: t2aenc.def 2005/09/27 v1.0i Cyrillic encoding definition file
Now handling font encoding T2A ...
... processing UTF-8 mapping file for font encoding T2A

("C:\Users\Денис\AppData\Local\Programs\MiKTeX 2.9\tex/latex/base\t2aenc.d
fu"
File: t2aenc.dfu 2019/07/11 v1.2j UTF-8 support for inputenc
   defining Unicode char U+00A4 (decimal 164)
   defining Unicode char U+00A7 (decimal 167)
   defining Unicode char U+00AB (decimal 171)
   defining Unicode char U+00BB (decimal 187)
   defining Unicode char U+0131 (decimal 305)
   defining Unicode char U+0237 (decimal 567)
   defining Unicode char U+0400 (decimal 1024)
   defining Unicode char U+0401 (decimal 1025)
   defining Unicode char U+0402 (decimal 1026)
   defining Unicode char U+0403 (decimal 1027)
   defining Unicode char U+0404 (decimal 1028)
   defining Unicode char U+0405 (decimal 1029)
   defining Unicode char U+0406 (decimal 1030)
   defining Unicode char U+0407 (decimal 1031)
   defining Unicode char U+0408 (decimal 1032)
   defining Unicode char U+0409 (decimal 1033)
   defining Unicode char U+040A (decimal 1034)
   defining Unicode char U+040B (decimal 1035)
   defining Unicode char U+040C (decimal 1036)
   defining Unicode char U+040D (decimal 1037)
   defining Unicode char U+040E (decimal 1038)
   defining Unicode char U+040F (decimal 1039)
   defining Unicode char U+0410 (decimal 1040)
   defining Unicode char U+0411 (decimal 1041)
   defining Unicode char U+0412 (decimal 1042)
   defining Unicode char U+0413 (decimal 1043)
   defining Unicode char U+0414 (decimal 1044)
   defining Unicode char U+0415 (decimal 1045)
   defining Unicode char U+0416 (decimal 1046)
   defining Unicode char U+0417 (decimal 1047)
   defining Unicode char U+0418 (decimal 1048)
   defining Unicode char U+0419 (decimal 1049)
   defining Unicode char U+041A (decimal 1050)
   defining Unicode char U+041B (decimal 1051)
   defining Unicode char U+041C (decimal 1052)
   defining Unicode char U+041D (decimal 1053)
   defining Unicode char U+041E (decimal 1054)
   defining Unicode char U+041F (decimal 1055)
   defining Unicode char U+0420 (decimal 1056)
   defining Unicode char U+0421 (decimal 1057)
   defining Unicode char U+0422 (decimal 1058)
   defining Unicode char U+0423 (decimal 1059)
   defining Unicode char U+0424 (decimal 1060)
   defining Unicode char U+0425 (decimal 1061)
   defining Unicode char U+0426 (decimal 1062)
   defining Unicode char U+0427 (decimal 1063)
   defining Unicode char U+0428 (decimal 1064)
   defining Unicode char U+0429 (decimal 1065)
   defining Unicode char U+042A (decimal 1066)
   defining Unicode char U+042B (decimal 1067)
   defining Unicode char U+042C (decimal 1068)
   defining Unicode char U+042D (decimal 1069)
   defining Unicode char U+042E (decimal 1070)
   defining Unicode char U+042F (decimal 1071)
   defining Unicode char U+0430 (decimal 1072)
   defining Unicode char U+0431 (decimal 1073)
   defining Unicode char U+0432 (decimal 1074)
   defining Unicode char U+0433 (decimal 1075)
   defining Unicode char U+0434 (decimal 1076)
   defining Unicode char U+0435 (decimal 1077)
   defining Unicode char U+0436 (decimal 1078)
   defining Unicode char U+0437 (decimal 1079)
   defining Unicode char U+0438 (decimal 1080)
   defining Unicode char U+0439 (decimal 1081)
   defining Unicode char U+043A (decimal 1082)
   defining Unicode char U+043B (decimal 1083)
   defining Unicode char U+043C (decimal 1084)
   defining Unicode char U+043D (decimal 1085)
   defining Unicode char U+043E (decimal 1086)
   defining Unicode char U+043F (decimal 1087)
   defining Unicode char U+0440 (decimal 1088)
   defining Unicode char U+0441 (decimal 1089)
   defining Unicode char U+0442 (decimal 1090)
   defining Unicode char U+0443 (decimal 1091)
   defining Unicode char U+0444 (decimal 1092)
   defining Unicode char U+0445 (decimal 1093)
   defining Unicode char U+0446 (decimal 1094)
   defining Unicode char U+0447 (decimal 1095)
   defining Unicode char U+0448 (decimal 1096)
   defining Unicode char U+0449 (decimal 1097)
   defining Unicode char U+044A (decimal 1098)
   defining Unicode char U+044B (decimal 1099)
   defining Unicode char U+044C (decimal 1100)
   defining Unicode char U+044D (decimal 1101)
   defining Unicode char U+044E (decimal 1102)
   defining Unicode char U+044F (decimal 1103)
   defining Unicode char U+0450 (decimal 1104)
   defining Unicode char U+0451 (decimal 1105)
   defining Unicode char U+0452 (decimal 1106)
   defining Unicode char U+0453 (decimal 1107)
   defining Unicode char U+0454 (decimal 1108)
   defining Unicode char U+0455 (decimal 1109)
   defining Unicode char U+0456 (decimal 1110)
   defining Unicode char U+0457 (decimal 1111)
   defining Unicode char U+0458 (decimal 1112)
   defining Unicode char U+0459 (decimal 1113)
   defining Unicode char U+045A (decimal 1114)
   defining Unicode char U+045B (decimal 1115)
   defining Unicode char U+045C (decimal 1116)
   defining Unicode char U+045D (decimal 1117)
   defining Unicode char U+045E (decimal 1118)
   defining Unicode char U+045F (decimal 1119)
   defining Unicode char U+0490 (decimal 1168)
   defining Unicode char U+0491 (decimal 1169)
   defining Unicode char U+0492 (decimal 1170)
   defining Unicode char U+0493 (decimal 1171)
   defining Unicode char U+0496 (decimal 1174)
   defining Unicode char U+0497 (decimal 1175)
   defining Unicode char U+0498 (decimal 1176)
   defining Unicode char U+0499 (decimal 1177)
   defining Unicode char U+049A (decimal 1178)
   defining Unicode char U+049B (decimal 1179)
   defining Unicode char U+049C (decimal 1180)
   defining Unicode char U+049D (decimal 1181)
   defining Unicode char U+04A0 (decimal 1184)
   defining Unicode char U+04A1 (decimal 1185)
   defining Unicode char U+04A2 (decimal 1186)
   defining Unicode char U+04A3 (decimal 1187)
   defining Unicode char U+04A4 (decimal 1188)
   defining Unicode char U+04A5 (decimal 1189)
   defining Unicode char U+04AA (decimal 1194)
   defining Unicode char U+04AB (decimal 1195)
   defining Unicode char U+04AE (decimal 1198)
   defining Unicode char U+04AF (decimal 1199)
   defining Unicode char U+04B0 (decimal 1200)
   defining Unicode char U+04B1 (decimal 1201)
   defining Unicode char U+04B2 (decimal 1202)
   defining Unicode char U+04B3 (decimal 1203)
   defining Unicode char U+04B6 (decimal 1206)
   defining Unicode char U+04B7 (decimal 1207)
   defining Unicode char U+04B8 (decimal 1208)
   defining Unicode char U+04B9 (decimal 1209)
   defining Unicode char U+04BA (decimal 1210)
   defining Unicode char U+04BB (decimal 1211)
   defining Unicode char U+04C0 (decimal 1216)
   defining Unicode char U+04C1 (decimal 1217)
   defining Unicode char U+04C2 (decimal 1218)
   defining Unicode char U+04D0 (decimal 1232)
   defining Unicode char U+04D1 (decimal 1233)
   defining Unicode char U+04D2 (decimal 1234)
   defining Unicode char U+04D3 (decimal 1235)
   defining Unicode char U+04D4 (decimal 1236)
   defining Unicode char U+04D5 (decimal 1237)
   defining Unicode char U+04D6 (decimal 1238)
   defining Unicode char U+04D7 (decimal 1239)
   defining Unicode char U+04D8 (decimal 1240)
   defining Unicode char U+04D9 (decimal 1241)
   defining Unicode char U+04DA (decimal 1242)
   defining Unicode char U+04DB (decimal 1243)
   defining Unicode char U+04DC (decimal 1244)
   defining Unicode char U+04DD (decimal 1245)
   defining Unicode char U+04DE (decimal 1246)
   defining Unicode char U+04DF (decimal 1247)
   defining Unicode char U+04E2 (decimal 1250)
   defining Unicode char U+04E3 (decimal 1251)
   defining Unicode char U+04E4 (decimal 1252)
   defining Unicode char U+04E5 (decimal 1253)
   defining Unicode char U+04E6 (decimal 1254)
   defining Unicode char U+04E7 (decimal 1255)
   defining Unicode char U+04E8 (decimal 1256)
   defining Unicode char U+04E9 (decimal 1257)
   defining Unicode char U+04EC (decimal 1260)
   defining Unicode char U+04ED (decimal 1261)
   defining Unicode char U+04EE (decimal 1262)
   defining Unicode char U+04EF (decimal 1263)
   defining Unicode char U+04F0 (decimal 1264)
   defining Unicode char U+04F1 (decimal 1265)
   defining Unicode char U+04F2 (decimal 1266)
   defining Unicode char U+04F3 (decimal 1267)
   defining Unicode char U+04F4 (decimal 1268)
   defining Unicode char U+04F5 (decimal 1269)
   defining Unicode char U+04F8 (decimal 1272)
   defining Unicode char U+04F9 (decimal 1273)
   defining Unicode char U+200C (decimal 8204)
   defining Unicode char U+2013 (decimal 8211)
   defining Unicode char U+2014 (decimal 8212)
   defining Unicode char U+2018 (decimal 8216)
   defining Unicode char U+2019 (decimal 8217)
   defining Unicode char U+201C (decimal 8220)
   defining Unicode char U+201D (decimal 8221)
   defining Unicode char U+201E (decimal 8222)
   defining Unicode char U+2030 (decimal 8240)
   defining Unicode char U+2031 (decimal 8241)
   defining Unicode char U+2116 (decimal 8470)
   defining Unicode char U+2329 (decimal 9001)
   defining Unicode char U+232A (decimal 9002)
   defining Unicode char U+2423 (decimal 9251)
   defining Unicode char U+27E8 (decimal 10216)
   defining Unicode char U+27E9 (decimal 10217)
   defining Unicode char U+FB00 (decimal 64256)
   defining Unicode char U+FB01 (decimal 64257)
   defining Unicode char U+FB02 (decimal 64258)
   defining Unicode char U+FB03 (decimal 64259)
   defining Unicode char U+FB04 (decimal 64260)
   defining Unicode char U+FB05 (decimal 64261)
   defining Unicode char U+FB06 (decimal 64262)
)
\symT2Aletters=\mathgroup4
)
LaTeX Font Info:    Trying to load font information for T2A+cmr on input line 1
05.

("C:\Users\Денис\AppData\Local\Programs\MiKTeX 2.9\tex/latex/cyrillic\t2ac
mr.fd"
File: t2acmr.fd 2001/08/11 v1.0a Computer Modern Cyrillic font definitions
)<<t2a.cmap>>)
("C:\Users\Денис\AppData\Local\Programs\MiKTeX 2.9\tex/latex/base\inputenc
.sty"
Package: inputenc 2018/08/11 v1.3c Input encoding file
\inpenc@prehook=\toks16
\inpenc@posthook=\toks17
)
("C:\Users\Денис\AppData\Local\Programs\MiKTeX 2.9\tex/generic/babel\babel
.sty"
Package: babel 2019/11/14 3.36 The Babel package

("C:\Users\Денис\AppData\Local\Programs\MiKTeX 2.9\tex/generic/babel\switc
h.def"
File: switch.def 2019/11/14 3.36 Babel switching mechanism
)
*************************************
* Local config file bblopts.cfg used
*

("C:\Users\Денис\AppData\Local\Programs\MiKTeX 2.9\tex/latex/arabi\bblopts
.cfg"
File: bblopts.cfg 2005/09/08 v0.1 add Arabic and Farsi to "declared" options of
 babel
)
("C:\Users\Денис\AppData\Local\Programs\MiKTeX 2.9\tex/latex/babel-english
\english.ldf"
Language: english 2017/06/06 v3.3r English support from the babel system

("C:\Users\Денис\AppData\Local\Programs\MiKTeX 2.9\tex/generic/babel\babel
.def"
File: babel.def 2019/11/14 3.36 Babel common definitions
\babel@savecnt=\count91
\U@D=\dimen111

("C:\Users\Денис\AppData\Local\Programs\MiKTeX 2.9\tex/generic/babel\txtba
bel.def")
\bbl@dirlevel=\count92
)
Package babel Info: \l@canadian = using hyphenrules for english
(babel)             (\language0) on input line 102.
Package babel Info: \l@australian = using hyphenrules for ukenglish
(babel)             (\language72) on input line 105.
Package babel Info: \l@newzealand = using hyphenrules for ukenglish
(babel)             (\language72) on input line 108.
)
("C:\Users\Денис\AppData\Local\Programs\MiKTeX 2.9\tex/latex/babel-russian
\russianb.ldf"
Language: russian 2017/08/12 1.3j Russian support for the Babel system
Package babel Info: Making " an active character on input line 120.
Package babel Info: Default for \cyrdash is provided on input line 157.
))
("C:\Users\Денис\AppData\Local\Programs\MiKTeX 2.9\tex/latex/enumitem\enum
item.sty"
Package: enumitem 2019/06/20 v3.9 Customized lists
\labelindent=\skip43
\enit@outerparindent=\dimen112
\enit@toks=\toks18
\enit@inbox=\box27
\enit@count@id=\count93
\enitdp@description=\count94
)
("C:\Users\Денис\AppData\Local\Programs\MiKTeX 2.9\tex/latex/amsmath\amsma
th.sty"
Package: amsmath 2019/11/16 v2.17d AMS math features
\@mathmargin=\skip44

For additional information on amsmath, use the `?' option.

("C:\Users\Денис\AppData\Local\Programs\MiKTeX 2.9\tex/latex/amsmath\amste
xt.sty"
Package: amstext 2000/06/29 v2.01 AMS text

("C:\Users\Денис\AppData\Local\Programs\MiKTeX 2.9\tex/latex/amsmath\amsge
n.sty"
File: amsgen.sty 1999/11/30 v2.0 generic functions
\@emptytoks=\toks19
\ex@=\dimen113
))
("C:\Users\Денис\AppData\Local\Programs\MiKTeX 2.9\tex/latex/amsmath\amsbs
y.sty"
Package: amsbsy 1999/11/29 v1.2d Bold Symbols
\pmbraise@=\dimen114
)
("C:\Users\Денис\AppData\Local\Programs\MiKTeX 2.9\tex/latex/amsmath\amsop
n.sty"
Package: amsopn 2016/03/08 v2.02 operator names
)
\inf@bad=\count95
LaTeX Info: Redefining \frac on input line 227.
\uproot@=\count96
\leftroot@=\count97
LaTeX Info: Redefining \overline on input line 389.
\classnum@=\count98
\DOTSCASE@=\count99
LaTeX Info: Redefining \ldots on input line 486.
LaTeX Info: Redefining \dots on input line 489.
LaTeX Info: Redefining \cdots on input line 610.
\Mathstrutbox@=\box28
\strutbox@=\box29
\big@size=\dimen115
LaTeX Font Info:    Redeclaring font encoding OML on input line 733.
\symOMLletters=\mathgroup5
LaTeX Font Info:    Redeclaring font encoding OMS on input line 734.
\symOMSletters=\mathgroup6
\macc@depth=\count100
\c@MaxMatrixCols=\count101
\dotsspace@=\muskip10
\c@parentequation=\count102
\dspbrk@lvl=\count103
\tag@help=\toks20
\row@=\count104
\column@=\count105
\maxfields@=\count106
\andhelp@=\toks21
\eqnshift@=\dimen116
\alignsep@=\dimen117
\tagshift@=\dimen118
\tagwidth@=\dimen119
\totwidth@=\dimen120
\lineht@=\dimen121
\@envbody=\toks22
\multlinegap=\skip45
\multlinetaggap=\skip46
\mathdisplay@stack=\toks23
LaTeX Info: Redefining \[ on input line 2858.
LaTeX Info: Redefining \] on input line 2859.
)
("C:\Users\Денис\AppData\Local\Programs\MiKTeX 2.9\tex/latex/amsfonts\amsf
onts.sty"
Package: amsfonts 2013/01/14 v3.01 Basic AMSFonts support
\symAMSa=\mathgroup7
\symAMSb=\mathgroup8
LaTeX Font Info:    Redeclaring math symbol \hbar on input line 98.
LaTeX Font Info:    Overwriting math alphabet `\mathfrak' in version `bold'
(Font)                  U/euf/m/n --> U/euf/b/n on input line 106.
)
("C:\Users\Денис\AppData\Local\Programs\MiKTeX 2.9\tex/latex/amsfonts\amss
ymb.sty"
Package: amssymb 2013/01/14 v3.01 AMS font symbols
)
("C:\Users\Денис\AppData\Local\Programs\MiKTeX 2.9\tex/latex/amscls\amsthm
.sty"
Package: amsthm 2020/05/29 v2.20.6
\thm@style=\toks24
\thm@bodyfont=\toks25
\thm@headfont=\toks26
\thm@notefont=\toks27
\thm@headpunct=\toks28
\thm@preskip=\skip47
\thm@postskip=\skip48
\thm@headsep=\skip49
\dth@everypar=\toks29
)
("C:\Users\Денис\AppData\Local\Programs\MiKTeX 2.9\tex/latex/mathtools\mat
htools.sty"
Package: mathtools 2020/03/24 v1.24 mathematical typesetting tools

("C:\Users\Денис\AppData\Local\Programs\MiKTeX 2.9\tex/latex/tools\calc.st
y"
Package: calc 2017/05/25 v4.3 Infix arithmetic (KKT,FJ)
\calc@Acount=\count107
\calc@Bcount=\count108
\calc@Adimen=\dimen122
\calc@Bdimen=\dimen123
\calc@Askip=\skip50
\calc@Bskip=\skip51
LaTeX Info: Redefining \setlength on input line 80.
LaTeX Info: Redefining \addtolength on input line 81.
\calc@Ccount=\count109
\calc@Cskip=\skip52
)
("C:\Users\Денис\AppData\Local\Programs\MiKTeX 2.9\tex/latex/mathtools\mhs
etup.sty"
Package: mhsetup 2017/03/31 v1.3 programming setup (MH)
)
LaTeX Info: Thecontrolsequence`\('isalreadyrobust on input line 130.
LaTeX Info: Thecontrolsequence`\)'isalreadyrobust on input line 130.
LaTeX Info: Thecontrolsequence`\['isalreadyrobust on input line 130.
LaTeX Info: Thecontrolsequence`\]'isalreadyrobust on input line 130.
\g_MT_multlinerow_int=\count110
\l_MT_multwidth_dim=\dimen124
\origjot=\skip53
\l_MT_shortvdotswithinadjustabove_dim=\dimen125
\l_MT_shortvdotswithinadjustbelow_dim=\dimen126
\l_MT_above_intertext_sep=\dimen127
\l_MT_below_intertext_sep=\dimen128
\l_MT_above_shortintertext_sep=\dimen129
\l_MT_below_shortintertext_sep=\dimen130
\xmathstrut@box=\box30
\xmathstrut@dim=\dimen131
)
("C:\Users\Денис\AppData\Local\Programs\MiKTeX 2.9\tex/latex/was\icomma.st
y"
Package: icomma 2002/03/10 v2.0 (WaS)
)
("C:\Users\Денис\AppData\Local\Programs\MiKTeX 2.9\tex/latex/amsfonts\eusc
ript.sty"
Package: euscript 2009/06/22 v3.00 Euler Script fonts
LaTeX Font Info:    Overwriting math alphabet `\EuScript' in version `bold'
(Font)                  U/eus/m/n --> U/eus/b/n on input line 33.
)
("C:\Users\Денис\AppData\Local\Programs\MiKTeX 2.9\tex/latex/jknappen\math
rsfs.sty"
Package: mathrsfs 1996/01/01 Math RSFS package v1.0 (jk)
\symrsfs=\mathgroup9
)
("C:\Users\Денис\AppData\Local\Programs\MiKTeX 2.9\tex/latex/jknappen\math
bbol.sty"
Package: mathbbol 1995/01/01
\symbbold=\mathgroup10
)
("C:\Users\Денис\AppData\Local\Programs\MiKTeX 2.9\tex/latex/float\float.s
ty"
Package: float 2001/11/08 v1.3d Float enhancements (AL)
\c@float@type=\count111
\float@exts=\toks30
\float@box=\box31
\@float@everytoks=\toks31
\@floatcapt=\box32
)
("C:\Users\Денис\AppData\Local\Programs\MiKTeX 2.9\tex/latex/pgfplots\pgfp
lots.sty"
("C:\Users\Денис\AppData\Local\Programs\MiKTeX 2.9\tex/generic/pgfplots\pg
fplots.revision.tex")
Package: pgfplots 2018/03/28 v1.16 Data Visualization (1.16)

("C:\Users\Денис\AppData\Local\Programs\MiKTeX 2.9\tex/latex/graphics\grap
hicx.sty"
Package: graphicx 2017/06/01 v1.1a Enhanced LaTeX Graphics (DPC,SPQR)

("C:\Users\Денис\AppData\Local\Programs\MiKTeX 2.9\tex/latex/graphics\grap
hics.sty"
Package: graphics 2019/11/01 v1.3d Standard LaTeX Graphics (DPC,SPQR)

("C:\Users\Денис\AppData\Local\Programs\MiKTeX 2.9\tex/latex/graphics\trig
.sty"
Package: trig 2016/01/03 v1.10 sin cos tan (DPC)
)
("C:\Users\Денис\AppData\Local\Programs\MiKTeX 2.9\tex/latex/graphics-cfg\
graphics.cfg"
File: graphics.cfg 2016/06/04 v1.11 sample graphics configuration
)
Package graphics Info: Driver file: pdftex.def on input line 105.

("C:\Users\Денис\AppData\Local\Programs\MiKTeX 2.9\tex/latex/graphics-def\
pdftex.def"
File: pdftex.def 2018/01/08 v1.0l Graphics/color driver for pdftex
))
\Gin@req@height=\dimen132
\Gin@req@width=\dimen133
)
("C:\Users\Денис\AppData\Local\Programs\MiKTeX 2.9\tex/latex/pgf/frontendl
ayer\tikz.sty"
("C:\Users\Денис\AppData\Local\Programs\MiKTeX 2.9\tex/latex/pgf/basiclaye
r\pgf.sty"
("C:\Users\Денис\AppData\Local\Programs\MiKTeX 2.9\tex/latex/pgf/utilities
\pgfrcs.sty"
("C:\Users\Денис\AppData\Local\Programs\MiKTeX 2.9\tex/generic/pgf/utiliti
es\pgfutil-common.tex"
\pgfutil@everybye=\toks32
\pgfutil@tempdima=\dimen134
\pgfutil@tempdimb=\dimen135

("C:\Users\Денис\AppData\Local\Programs\MiKTeX 2.9\tex/generic/pgf/utiliti
es\pgfutil-common-lists.tex"))
("C:\Users\Денис\AppData\Local\Programs\MiKTeX 2.9\tex/generic/pgf/utiliti
es\pgfutil-latex.def"
\pgfutil@abb=\box33

("C:\Users\Денис\AppData\Local\Programs\MiKTeX 2.9\tex/latex/ms\everyshi.s
ty"
Package: everyshi 2001/05/15 v3.00 EveryShipout Package (MS)
))
("C:\Users\Денис\AppData\Local\Programs\MiKTeX 2.9\tex/generic/pgf/utiliti
es\pgfrcs.code.tex"
("C:\Users\Денис\AppData\Local\Programs\MiKTeX 2.9\tex/generic/pgf\pgf.rev
ision.tex")
Package: pgfrcs 2020/01/08 v3.1.5b (3.1.5b)
))
Package: pgf 2020/01/08 v3.1.5b (3.1.5b)

("C:\Users\Денис\AppData\Local\Programs\MiKTeX 2.9\tex/latex/pgf/basiclaye
r\pgfcore.sty"
("C:\Users\Денис\AppData\Local\Programs\MiKTeX 2.9\tex/latex/pgf/systemlay
er\pgfsys.sty"
("C:\Users\Денис\AppData\Local\Programs\MiKTeX 2.9\tex/generic/pgf/systeml
ayer\pgfsys.code.tex"
Package: pgfsys 2020/01/08 v3.1.5b (3.1.5b)

("C:\Users\Денис\AppData\Local\Programs\MiKTeX 2.9\tex/generic/pgf/utiliti
es\pgfkeys.code.tex"
\pgfkeys@pathtoks=\toks33
\pgfkeys@temptoks=\toks34

("C:\Users\Денис\AppData\Local\Programs\MiKTeX 2.9\tex/generic/pgf/utiliti
es\pgfkeysfiltered.code.tex"
\pgfkeys@tmptoks=\toks35
))
\pgf@x=\dimen136
\pgf@y=\dimen137
\pgf@xa=\dimen138
\pgf@ya=\dimen139
\pgf@xb=\dimen140
\pgf@yb=\dimen141
\pgf@xc=\dimen142
\pgf@yc=\dimen143
\pgf@xd=\dimen144
\pgf@yd=\dimen145
\w@pgf@writea=\write3
\r@pgf@reada=\read1
\c@pgf@counta=\count112
\c@pgf@countb=\count113
\c@pgf@countc=\count114
\c@pgf@countd=\count115
\t@pgf@toka=\toks36
\t@pgf@tokb=\toks37
\t@pgf@tokc=\toks38
\pgf@sys@id@count=\count116

("C:\Users\Денис\AppData\Local\Programs\MiKTeX 2.9\tex/generic/pgf/systeml
ayer\pgf.cfg"
File: pgf.cfg 2020/01/08 v3.1.5b (3.1.5b)
)
Driver file for pgf: pgfsys-pdftex.def

("C:\Users\Денис\AppData\Local\Programs\MiKTeX 2.9\tex/generic/pgf/systeml
ayer\pgfsys-pdftex.def"
File: pgfsys-pdftex.def 2020/01/08 v3.1.5b (3.1.5b)

("C:\Users\Денис\AppData\Local\Programs\MiKTeX 2.9\tex/generic/pgf/systeml
ayer\pgfsys-common-pdf.def"
File: pgfsys-common-pdf.def 2020/01/08 v3.1.5b (3.1.5b)
)))
("C:\Users\Денис\AppData\Local\Programs\MiKTeX 2.9\tex/generic/pgf/systeml
ayer\pgfsyssoftpath.code.tex"
File: pgfsyssoftpath.code.tex 2020/01/08 v3.1.5b (3.1.5b)
\pgfsyssoftpath@smallbuffer@items=\count117
\pgfsyssoftpath@bigbuffer@items=\count118
)
("C:\Users\Денис\AppData\Local\Programs\MiKTeX 2.9\tex/generic/pgf/systeml
ayer\pgfsysprotocol.code.tex"
File: pgfsysprotocol.code.tex 2020/01/08 v3.1.5b (3.1.5b)
))
("C:\Users\Денис\AppData\Local\Programs\MiKTeX 2.9\tex/latex/xcolor\xcolor
.sty"
Package: xcolor 2016/05/11 v2.12 LaTeX color extensions (UK)

("C:\Users\Денис\AppData\Local\Programs\MiKTeX 2.9\tex/latex/graphics-cfg\
color.cfg"
File: color.cfg 2016/01/02 v1.6 sample color configuration
)
Package xcolor Info: Driver file: pdftex.def on input line 225.
Package xcolor Info: Model `cmy' substituted by `cmy0' on input line 1348.
Package xcolor Info: Model `hsb' substituted by `rgb' on input line 1352.
Package xcolor Info: Model `RGB' extended on input line 1364.
Package xcolor Info: Model `HTML' substituted by `rgb' on input line 1366.
Package xcolor Info: Model `Hsb' substituted by `hsb' on input line 1367.
Package xcolor Info: Model `tHsb' substituted by `hsb' on input line 1368.
Package xcolor Info: Model `HSB' substituted by `hsb' on input line 1369.
Package xcolor Info: Model `Gray' substituted by `gray' on input line 1370.
Package xcolor Info: Model `wave' substituted by `hsb' on input line 1371.
)
("C:\Users\Денис\AppData\Local\Programs\MiKTeX 2.9\tex/generic/pgf/basicla
yer\pgfcore.code.tex"
Package: pgfcore 2020/01/08 v3.1.5b (3.1.5b)

("C:\Users\Денис\AppData\Local\Programs\MiKTeX 2.9\tex/generic/pgf/math\pg
fmath.code.tex"
("C:\Users\Денис\AppData\Local\Programs\MiKTeX 2.9\tex/generic/pgf/math\pg
fmathcalc.code.tex"
("C:\Users\Денис\AppData\Local\Programs\MiKTeX 2.9\tex/generic/pgf/math\pg
fmathutil.code.tex")
("C:\Users\Денис\AppData\Local\Programs\MiKTeX 2.9\tex/generic/pgf/math\pg
fmathparser.code.tex"
\pgfmath@dimen=\dimen146
\pgfmath@count=\count119
\pgfmath@box=\box34
\pgfmath@toks=\toks39
\pgfmath@stack@operand=\toks40
\pgfmath@stack@operation=\toks41
)
("C:\Users\Денис\AppData\Local\Programs\MiKTeX 2.9\tex/generic/pgf/math\pg
fmathfunctions.code.tex"
("C:\Users\Денис\AppData\Local\Programs\MiKTeX 2.9\tex/generic/pgf/math\pg
fmathfunctions.basic.code.tex")
("C:\Users\Денис\AppData\Local\Programs\MiKTeX 2.9\tex/generic/pgf/math\pg
fmathfunctions.trigonometric.code.tex")
("C:\Users\Денис\AppData\Local\Programs\MiKTeX 2.9\tex/generic/pgf/math\pg
fmathfunctions.random.code.tex")
("C:\Users\Денис\AppData\Local\Programs\MiKTeX 2.9\tex/generic/pgf/math\pg
fmathfunctions.comparison.code.tex")
("C:\Users\Денис\AppData\Local\Programs\MiKTeX 2.9\tex/generic/pgf/math\pg
fmathfunctions.base.code.tex")
("C:\Users\Денис\AppData\Local\Programs\MiKTeX 2.9\tex/generic/pgf/math\pg
fmathfunctions.round.code.tex")
("C:\Users\Денис\AppData\Local\Programs\MiKTeX 2.9\tex/generic/pgf/math\pg
fmathfunctions.misc.code.tex")
("C:\Users\Денис\AppData\Local\Programs\MiKTeX 2.9\tex/generic/pgf/math\pg
fmathfunctions.integerarithmetics.code.tex")))
("C:\Users\Денис\AppData\Local\Programs\MiKTeX 2.9\tex/generic/pgf/math\pg
fmathfloat.code.tex"
\c@pgfmathroundto@lastzeros=\count120
))
("C:\Users\Денис\AppData\Local\Programs\MiKTeX 2.9\tex/generic/pgf/math\pg
fint.code.tex")
("C:\Users\Денис\AppData\Local\Programs\MiKTeX 2.9\tex/generic/pgf/basicla
yer\pgfcorepoints.code.tex"
File: pgfcorepoints.code.tex 2020/01/08 v3.1.5b (3.1.5b)
\pgf@picminx=\dimen147
\pgf@picmaxx=\dimen148
\pgf@picminy=\dimen149
\pgf@picmaxy=\dimen150
\pgf@pathminx=\dimen151
\pgf@pathmaxx=\dimen152
\pgf@pathminy=\dimen153
\pgf@pathmaxy=\dimen154
\pgf@xx=\dimen155
\pgf@xy=\dimen156
\pgf@yx=\dimen157
\pgf@yy=\dimen158
\pgf@zx=\dimen159
\pgf@zy=\dimen160
)
("C:\Users\Денис\AppData\Local\Programs\MiKTeX 2.9\tex/generic/pgf/basicla
yer\pgfcorepathconstruct.code.tex"
File: pgfcorepathconstruct.code.tex 2020/01/08 v3.1.5b (3.1.5b)
\pgf@path@lastx=\dimen161
\pgf@path@lasty=\dimen162
)
("C:\Users\Денис\AppData\Local\Programs\MiKTeX 2.9\tex/generic/pgf/basicla
yer\pgfcorepathusage.code.tex"
File: pgfcorepathusage.code.tex 2020/01/08 v3.1.5b (3.1.5b)
\pgf@shorten@end@additional=\dimen163
\pgf@shorten@start@additional=\dimen164
)
("C:\Users\Денис\AppData\Local\Programs\MiKTeX 2.9\tex/generic/pgf/basicla
yer\pgfcorescopes.code.tex"
File: pgfcorescopes.code.tex 2020/01/08 v3.1.5b (3.1.5b)
\pgfpic=\box35
\pgf@hbox=\box36
\pgf@layerbox@main=\box37
\pgf@picture@serial@count=\count121
)
("C:\Users\Денис\AppData\Local\Programs\MiKTeX 2.9\tex/generic/pgf/basicla
yer\pgfcoregraphicstate.code.tex"
File: pgfcoregraphicstate.code.tex 2020/01/08 v3.1.5b (3.1.5b)
\pgflinewidth=\dimen165
)
("C:\Users\Денис\AppData\Local\Programs\MiKTeX 2.9\tex/generic/pgf/basicla
yer\pgfcoretransformations.code.tex"
File: pgfcoretransformations.code.tex 2020/01/08 v3.1.5b (3.1.5b)
\pgf@pt@x=\dimen166
\pgf@pt@y=\dimen167
\pgf@pt@temp=\dimen168
)
("C:\Users\Денис\AppData\Local\Programs\MiKTeX 2.9\tex/generic/pgf/basicla
yer\pgfcorequick.code.tex"
File: pgfcorequick.code.tex 2020/01/08 v3.1.5b (3.1.5b)
)
("C:\Users\Денис\AppData\Local\Programs\MiKTeX 2.9\tex/generic/pgf/basicla
yer\pgfcoreobjects.code.tex"
File: pgfcoreobjects.code.tex 2020/01/08 v3.1.5b (3.1.5b)
)
("C:\Users\Денис\AppData\Local\Programs\MiKTeX 2.9\tex/generic/pgf/basicla
yer\pgfcorepathprocessing.code.tex"
File: pgfcorepathprocessing.code.tex 2020/01/08 v3.1.5b (3.1.5b)
)
("C:\Users\Денис\AppData\Local\Programs\MiKTeX 2.9\tex/generic/pgf/basicla
yer\pgfcorearrows.code.tex"
File: pgfcorearrows.code.tex 2020/01/08 v3.1.5b (3.1.5b)
\pgfarrowsep=\dimen169
)
("C:\Users\Денис\AppData\Local\Programs\MiKTeX 2.9\tex/generic/pgf/basicla
yer\pgfcoreshade.code.tex"
File: pgfcoreshade.code.tex 2020/01/08 v3.1.5b (3.1.5b)
\pgf@max=\dimen170
\pgf@sys@shading@range@num=\count122
\pgf@shadingcount=\count123
)
("C:\Users\Денис\AppData\Local\Programs\MiKTeX 2.9\tex/generic/pgf/basicla
yer\pgfcoreimage.code.tex"
File: pgfcoreimage.code.tex 2020/01/08 v3.1.5b (3.1.5b)

("C:\Users\Денис\AppData\Local\Programs\MiKTeX 2.9\tex/generic/pgf/basicla
yer\pgfcoreexternal.code.tex"
File: pgfcoreexternal.code.tex 2020/01/08 v3.1.5b (3.1.5b)
\pgfexternal@startupbox=\box38
))
("C:\Users\Денис\AppData\Local\Programs\MiKTeX 2.9\tex/generic/pgf/basicla
yer\pgfcorelayers.code.tex"
File: pgfcorelayers.code.tex 2020/01/08 v3.1.5b (3.1.5b)
)
("C:\Users\Денис\AppData\Local\Programs\MiKTeX 2.9\tex/generic/pgf/basicla
yer\pgfcoretransparency.code.tex"
File: pgfcoretransparency.code.tex 2020/01/08 v3.1.5b (3.1.5b)
)
("C:\Users\Денис\AppData\Local\Programs\MiKTeX 2.9\tex/generic/pgf/basicla
yer\pgfcorepatterns.code.tex"
File: pgfcorepatterns.code.tex 2020/01/08 v3.1.5b (3.1.5b)
)
("C:\Users\Денис\AppData\Local\Programs\MiKTeX 2.9\tex/generic/pgf/basicla
yer\pgfcorerdf.code.tex"
File: pgfcorerdf.code.tex 2020/01/08 v3.1.5b (3.1.5b)
)))
("C:\Users\Денис\AppData\Local\Programs\MiKTeX 2.9\tex/generic/pgf/modules
\pgfmoduleshapes.code.tex"
File: pgfmoduleshapes.code.tex 2020/01/08 v3.1.5b (3.1.5b)
\pgfnodeparttextbox=\box39
)
("C:\Users\Денис\AppData\Local\Programs\MiKTeX 2.9\tex/generic/pgf/modules
\pgfmoduleplot.code.tex"
File: pgfmoduleplot.code.tex 2020/01/08 v3.1.5b (3.1.5b)
)
("C:\Users\Денис\AppData\Local\Programs\MiKTeX 2.9\tex/latex/pgf/compatibi
lity\pgfcomp-version-0-65.sty"
Package: pgfcomp-version-0-65 2020/01/08 v3.1.5b (3.1.5b)
\pgf@nodesepstart=\dimen171
\pgf@nodesepend=\dimen172
)
("C:\Users\Денис\AppData\Local\Programs\MiKTeX 2.9\tex/latex/pgf/compatibi
lity\pgfcomp-version-1-18.sty"
Package: pgfcomp-version-1-18 2020/01/08 v3.1.5b (3.1.5b)
))
("C:\Users\Денис\AppData\Local\Programs\MiKTeX 2.9\tex/latex/pgf/utilities
\pgffor.sty"
("C:\Users\Денис\AppData\Local\Programs\MiKTeX 2.9\tex/latex/pgf/utilities
\pgfkeys.sty"
("C:\Users\Денис\AppData\Local\Programs\MiKTeX 2.9\tex/generic/pgf/utiliti
es\pgfkeys.code.tex"))
("C:\Users\Денис\AppData\Local\Programs\MiKTeX 2.9\tex/latex/pgf/math\pgfm
ath.sty"
("C:\Users\Денис\AppData\Local\Programs\MiKTeX 2.9\tex/generic/pgf/math\pg
fmath.code.tex"))
("C:\Users\Денис\AppData\Local\Programs\MiKTeX 2.9\tex/generic/pgf/utiliti
es\pgffor.code.tex"
Package: pgffor 2020/01/08 v3.1.5b (3.1.5b)

("C:\Users\Денис\AppData\Local\Programs\MiKTeX 2.9\tex/generic/pgf/math\pg
fmath.code.tex")
\pgffor@iter=\dimen173
\pgffor@skip=\dimen174
\pgffor@stack=\toks42
\pgffor@toks=\toks43
))
("C:\Users\Денис\AppData\Local\Programs\MiKTeX 2.9\tex/generic/pgf/fronten
dlayer/tikz\tikz.code.tex"
Package: tikz 2020/01/08 v3.1.5b (3.1.5b)

("C:\Users\Денис\AppData\Local\Programs\MiKTeX 2.9\tex/generic/pgf/librari
es\pgflibraryplothandlers.code.tex"
File: pgflibraryplothandlers.code.tex 2020/01/08 v3.1.5b (3.1.5b)
\pgf@plot@mark@count=\count124
\pgfplotmarksize=\dimen175
)
\tikz@lastx=\dimen176
\tikz@lasty=\dimen177
\tikz@lastxsaved=\dimen178
\tikz@lastysaved=\dimen179
\tikz@lastmovetox=\dimen180
\tikz@lastmovetoy=\dimen181
\tikzleveldistance=\dimen182
\tikzsiblingdistance=\dimen183
\tikz@figbox=\box40
\tikz@figbox@bg=\box41
\tikz@tempbox=\box42
\tikz@tempbox@bg=\box43
\tikztreelevel=\count125
\tikznumberofchildren=\count126
\tikznumberofcurrentchild=\count127
\tikz@fig@count=\count128

("C:\Users\Денис\AppData\Local\Programs\MiKTeX 2.9\tex/generic/pgf/modules
\pgfmodulematrix.code.tex"
File: pgfmodulematrix.code.tex 2020/01/08 v3.1.5b (3.1.5b)
\pgfmatrixcurrentrow=\count129
\pgfmatrixcurrentcolumn=\count130
\pgf@matrix@numberofcolumns=\count131
)
\tikz@expandcount=\count132

("C:\Users\Денис\AppData\Local\Programs\MiKTeX 2.9\tex/generic/pgf/fronten
dlayer/tikz/libraries\tikzlibrarytopaths.code.tex"
File: tikzlibrarytopaths.code.tex 2020/01/08 v3.1.5b (3.1.5b)
)))
("C:\Users\Денис\AppData\Local\Programs\MiKTeX 2.9\tex/generic/pgfplots\pg
fplots.code.tex"
("C:\Users\Денис\AppData\Local\Programs\MiKTeX 2.9\tex/generic/pgfplots\pg
fplotscore.code.tex"
\t@pgfplots@toka=\toks44
\t@pgfplots@tokb=\toks45
\t@pgfplots@tokc=\toks46
\pgfplots@tmpa=\dimen184
\c@pgfplots@coordindex=\count133
\c@pgfplots@scanlineindex=\count134

("C:\Users\Денис\AppData\Local\Programs\MiKTeX 2.9\tex/generic/pgfplots/sy
s\pgfplotssysgeneric.code.tex"))
("C:\Users\Денис\AppData\Local\Programs\MiKTeX 2.9\tex/generic/pgfplots/li
bs\pgfplotslibrary.code.tex")
("C:\Users\Денис\AppData\Local\Programs\MiKTeX 2.9\tex/generic/pgfplots/ol
dpgfcompatib\pgfplotsoldpgfsupp_loader.code.tex"
("C:\Users\Денис\AppData\Local\Programs\MiKTeX 2.9\tex/generic/pgf/librari
es\pgflibraryfpu.code.tex"))
("C:\Users\Денис\AppData\Local\Programs\MiKTeX 2.9\tex/generic/pgfplots/ut
il\pgfplotsutil.code.tex"
("C:\Users\Денис\AppData\Local\Programs\MiKTeX 2.9\tex/generic/pgfplots/li
ststructure\pgfplotsliststructure.code.tex")
("C:\Users\Денис\AppData\Local\Programs\MiKTeX 2.9\tex/generic/pgfplots/li
ststructure\pgfplotsliststructureext.code.tex")
("C:\Users\Денис\AppData\Local\Programs\MiKTeX 2.9\tex/generic/pgfplots/li
ststructure\pgfplotsarray.code.tex"
\c@pgfplotsarray@tmp=\count135
)
("C:\Users\Денис\AppData\Local\Programs\MiKTeX 2.9\tex/generic/pgfplots/li
ststructure\pgfplotsmatrix.code.tex")
("C:\Users\Денис\AppData\Local\Programs\MiKTeX 2.9\tex/generic/pgfplots/nu
mtable\pgfplotstableshared.code.tex"
\c@pgfplotstable@counta=\count136
\t@pgfplotstable@a=\toks47
)
("C:\Users\Денис\AppData\Local\Programs\MiKTeX 2.9\tex/generic/pgfplots/li
ststructure\pgfplotsdeque.code.tex")
("C:\Users\Денис\AppData\Local\Programs\MiKTeX 2.9\tex/generic/pgfplots/ut
il\pgfplotsbinary.code.tex"
("C:\Users\Денис\AppData\Local\Programs\MiKTeX 2.9\tex/generic/pgfplots/ut
il\pgfplotsbinary.data.code.tex"))
("C:\Users\Денис\AppData\Local\Programs\MiKTeX 2.9\tex/generic/pgfplots/ut
il\pgfplotsutil.verb.code.tex")
("C:\Users\Денис\AppData\Local\Programs\MiKTeX 2.9\tex/generic/pgfplots/li
bs\pgflibrarypgfplots.surfshading.code.tex"
\c@pgfplotslibrarysurf@no=\count137

("C:\Users\Денис\AppData\Local\Programs\MiKTeX 2.9\tex/generic/pgfplots/sy
s\pgflibrarypgfplots.surfshading.pgfsys-pdftex.def")))
("C:\Users\Денис\AppData\Local\Programs\MiKTeX 2.9\tex/generic/pgfplots/ut
il\pgfplotscolormap.code.tex"
("C:\Users\Денис\AppData\Local\Programs\MiKTeX 2.9\tex/generic/pgfplots/ut
il\pgfplotscolor.code.tex"))
("C:\Users\Денис\AppData\Local\Programs\MiKTeX 2.9\tex/generic/pgfplots\pg
fplotsstackedplots.code.tex")
("C:\Users\Денис\AppData\Local\Programs\MiKTeX 2.9\tex/generic/pgfplots\pg
fplotsplothandlers.code.tex"
("C:\Users\Денис\AppData\Local\Programs\MiKTeX 2.9\tex/generic/pgfplots\pg
fplotsmeshplothandler.code.tex"
("C:\Users\Денис\AppData\Local\Programs\MiKTeX 2.9\tex/generic/pgfplots\pg
fplotsmeshplotimage.code.tex")))
("C:\Users\Денис\AppData\Local\Programs\MiKTeX 2.9\tex/generic/pgfplots\pg
fplots.scaling.code.tex")
("C:\Users\Денис\AppData\Local\Programs\MiKTeX 2.9\tex/generic/pgfplots\pg
fplotscoordprocessing.code.tex")
("C:\Users\Денис\AppData\Local\Programs\MiKTeX 2.9\tex/generic/pgfplots\pg
fplots.errorbars.code.tex")
("C:\Users\Денис\AppData\Local\Programs\MiKTeX 2.9\tex/generic/pgfplots\pg
fplots.markers.code.tex")
("C:\Users\Денис\AppData\Local\Programs\MiKTeX 2.9\tex/generic/pgfplots\pg
fplotsticks.code.tex")
("C:\Users\Денис\AppData\Local\Programs\MiKTeX 2.9\tex/generic/pgfplots\pg
fplots.paths.code.tex")
("C:\Users\Денис\AppData\Local\Programs\MiKTeX 2.9\tex/generic/pgf/fronten
dlayer/tikz/libraries\tikzlibrarydecorations.code.tex"
("C:\Users\Денис\AppData\Local\Programs\MiKTeX 2.9\tex/generic/pgf/modules
\pgfmoduledecorations.code.tex"
\pgfdecoratedcompleteddistance=\dimen185
\pgfdecoratedremainingdistance=\dimen186
\pgfdecoratedinputsegmentcompleteddistance=\dimen187
\pgfdecoratedinputsegmentremainingdistance=\dimen188
\pgf@decorate@distancetomove=\dimen189
\pgf@decorate@repeatstate=\count138
\pgfdecorationsegmentamplitude=\dimen190
\pgfdecorationsegmentlength=\dimen191
)
\tikz@lib@dec@box=\box44
)
("C:\Users\Денис\AppData\Local\Programs\MiKTeX 2.9\tex/generic/pgf/fronten
dlayer/tikz/libraries\tikzlibrarydecorations.pathmorphing.code.tex"
("C:\Users\Денис\AppData\Local\Programs\MiKTeX 2.9\tex/generic/pgf/librari
es/decorations\pgflibrarydecorations.pathmorphing.code.tex"))
("C:\Users\Денис\AppData\Local\Programs\MiKTeX 2.9\tex/generic/pgf/fronten
dlayer/tikz/libraries\tikzlibrarydecorations.pathreplacing.code.tex"
("C:\Users\Денис\AppData\Local\Programs\MiKTeX 2.9\tex/generic/pgf/librari
es/decorations\pgflibrarydecorations.pathreplacing.code.tex"))
\pgfplots@numplots=\count139
\pgfplots@xmin@reg=\dimen192
\pgfplots@xmax@reg=\dimen193
\pgfplots@ymin@reg=\dimen194
\pgfplots@ymax@reg=\dimen195
\pgfplots@zmin@reg=\dimen196
\pgfplots@zmax@reg=\dimen197
)
("C:\Users\Денис\AppData\Local\Programs\MiKTeX 2.9\tex/generic/pgf/fronten
dlayer/tikz/libraries\tikzlibraryplotmarks.code.tex"
File: tikzlibraryplotmarks.code.tex 2020/01/08 v3.1.5b (3.1.5b)

("C:\Users\Денис\AppData\Local\Programs\MiKTeX 2.9\tex/generic/pgf/librari
es\pgflibraryplotmarks.code.tex"
File: pgflibraryplotmarks.code.tex 2020/01/08 v3.1.5b (3.1.5b)
)))
("C:\Users\Денис\AppData\Local\Programs\MiKTeX 2.9\tex/latex/datetime\date
time.sty"
Package: datetime 2015/03/20 v2.60 Date Time Package

("C:\Users\Денис\AppData\Local\Programs\MiKTeX 2.9\tex/latex/etoolbox\etoo
lbox.sty"
Package: etoolbox 2019/09/21 v2.5h e-TeX tools for LaTeX (JAW)
\etb@tempcnta=\count140
)
("C:\Users\Денис\AppData\Local\Programs\MiKTeX 2.9\tex/latex/fmtcount\fmtc
ount.sty"
Package: fmtcount 2020/01/30 v3.07

("C:\Users\Денис\AppData\Local\Programs\MiKTeX 2.9\tex/latex/base\ifthen.s
ty"
Package: ifthen 2014/09/29 v1.1c Standard LaTeX ifthen package (DPC)
)
("C:\Users\Денис\AppData\Local\Programs\MiKTeX 2.9\tex/latex/xkeyval\xkeyv
al.sty"
Package: xkeyval 2014/12/03 v2.7a package option processing (HA)

("C:\Users\Денис\AppData\Local\Programs\MiKTeX 2.9\tex/generic/xkeyval\xke
yval.tex"
("C:\Users\Денис\AppData\Local\Programs\MiKTeX 2.9\tex/generic/xkeyval\xkv
utils.tex"
\XKV@toks=\toks48
\XKV@tempa@toks=\toks49
)
\XKV@depth=\count141
File: xkeyval.tex 2014/12/03 v2.7a key=value parser (HA)
))
("C:\Users\Денис\AppData\Local\Programs\MiKTeX 2.9\tex/latex/fmtcount\fcpr
efix.sty"
Package: fcprefix 2012/09/28

("C:\Users\Денис\AppData\Local\Programs\MiKTeX 2.9\tex/latex/fmtcount\fcnu
mparser.sty"
Package: fcnumparser 2017/06/15
\fc@digit@counter=\count142
))
\c@padzeroesN=\count143
\fc@tmpcatcode=\count144

("C:\Users\Денис\AppData\Local\Programs\MiKTeX 2.9\tex/latex/fmtcount\fc-e
nglish.def"
File: fc-english.def 2016/01/12
)
\@DT@modctr=\count145
\@ordinalctr=\count146
\@orgargctr=\count147
\@strctr=\count148
\@tmpstrctr=\count149
\@DT@loopN=\count150
\@DT@X=\count151
)
("C:\Users\Денис\AppData\Local\Programs\MiKTeX 2.9\tex/latex/datetime\date
time-defaults.sty"
Package: datetime-defaults 2013/09/10
)
\@day=\count152
\@month=\count153
\@year=\count154
\c@HOUR=\count155
\c@HOURXII=\count156
\c@MINUTE=\count157
\c@TOHOUR=\count158
\c@TOMINUTE=\count159
\c@SECOND=\count160
\currenthour=\count161
\currentminute=\count162
\currentsecond=\count163
Package datetime Info: No datetime.cfg file found, using default settings on in
put line 308.
\@dtctr=\count164
\dayofyear=\count165
\dayofweek=\count166
LaTeX Info: Redefining \today on input line 736.

("C:\Users\Денис\AppData\Local\Programs\MiKTeX 2.9\tex/latex/datetime\dt-r
ussian.def"
File: dt-russian.def 2013/09/10
LaTeX Info: Redefining \daterussian on input line 64.
)
\dt@a=\toks50
\dt@b=\toks51
)
("C:\Users\Денис\AppData\Local\Programs\MiKTeX 2.9\tex/latex/wrapfig\wrapf
ig.sty"
\wrapoverhang=\dimen198
\WF@size=\dimen199
\c@WF@wrappedlines=\count167
\WF@box=\box45
\WF@everypar=\toks52
Package: wrapfig 2003/01/31  v 3.6
)
("C:\Users\Денис\AppData\Local\Programs\MiKTeX 2.9\tex/latex/listings\list
ings.sty"
\lst@mode=\count168
\lst@gtempboxa=\box46
\lst@token=\toks53
\lst@length=\count169
\lst@currlwidth=\dimen256
\lst@column=\count170
\lst@pos=\count171
\lst@lostspace=\dimen257
\lst@width=\dimen258
\lst@newlines=\count172
\lst@lineno=\count173
\lst@maxwidth=\dimen259

("C:\Users\Денис\AppData\Local\Programs\MiKTeX 2.9\tex/latex/listings\lstm
isc.sty"
File: lstmisc.sty 2020/03/24 1.8d (Carsten Heinz)
\c@lstnumber=\count174
\lst@skipnumbers=\count175
\lst@framebox=\box47
)
("C:\Users\Денис\AppData\Local\Programs\MiKTeX 2.9\tex/latex/listings\list
ings.cfg"
File: listings.cfg 2020/03/24 1.8d listings configuration
))
Package: listings 2020/03/24 1.8d (Carsten Heinz)

("C:\Users\Денис\AppData\Local\Programs\MiKTeX 2.9\tex/latex/epigraph\epig
raph.sty"
Package: epigraph 2020/01/02 v1.5e typesetting epigraphs

("C:\Users\Денис\AppData\Local\Programs\MiKTeX 2.9\tex/latex/nextpage\next
page.sty"
Package: nextpage 2009/09/03 v1.1a additional page commands
)
\beforeepigraphskip=\skip54
\afterepigraphskip=\skip55
\epigraphwidth=\skip56
\epigraphrule=\skip57
)
("C:\Users\Денис\AppData\Local\Programs\MiKTeX 2.9\tex/latex/base\fixltx2e
.sty"
Package: fixltx2e 2016/12/29 v2.1a fixes to LaTeX (obsolete)
Applying: [2015/01/01] Old fixltx2e package on input line 46.


Package fixltx2e Warning: fixltx2e is not required with releases after 2015
(fixltx2e)                All fixes are now in the LaTeX kernel.
(fixltx2e)                See the latexrelease package for details.

Already applied: [0000/00/00] Old fixltx2e package on input line 53.
)
("C:\Users\Денис\AppData\Local\Programs\MiKTeX 2.9\tex/latex/blkarray\blka
rray.sty"
Package: blkarray 2015/02/27 v0.07 Block array (dpc)
\c@BAenumi=\count176
\BA@col=\count177
\BA@block@cnt=\count178
\BA@final@box=\box48
\BA@first@box=\box49
\BA@colsep=\dimen260
\BA@ftn=\toks54
\BAextrarowheight=\dimen261
\BAextraheightafterhline=\dimen262
\BAarrayrulewidth=\dimen263
\BAdoublerulesep=\dimen264
\BAfootskip=\dimen265
\BA@dashbox=\box50
\BA@ddashbox=\box51
)
("C:\Users\Денис\AppData\Local\Programs\MiKTeX 2.9\tex/latex/scalerel\scal
erel.sty"
Package: scalerel 2016/12/29 v1.8 Routines for constrained scaling and stretchi
ng of objects, relative to a reference object or in absolute terms
\thesrwidth=\skip58
\thesrheight=\skip59
\srblobheight=\skip60
\srblobdepth=\skip61
\mnxsrwidth=\skip62
\LMex=\skip63
\LMpt=\skip64
)
("C:\Users\Денис\AppData\Local\Programs\MiKTeX 2.9\tex/latex/hyperref\hype
rref.sty"
Package: hyperref 2019/11/10 v7.00c Hypertext links for LaTeX

("C:\Users\Денис\AppData\Local\Programs\MiKTeX 2.9\tex/generic/oberdiek\lt
xcmds.sty"
Package: ltxcmds 2016/05/16 v1.23 LaTeX kernel commands for general use (HO)
)
("C:\Users\Денис\AppData\Local\Programs\MiKTeX 2.9\tex/latex/pdftexcmds\pd
ftexcmds.sty"
Package: pdftexcmds 2019/11/24 v0.31 Utility functions of pdfTeX for LuaTeX (HO
)

("C:\Users\Денис\AppData\Local\Programs\MiKTeX 2.9\tex/generic/oberdiek\in
fwarerr.sty"
Package: infwarerr 2016/05/16 v1.4 Providing info/warning/error messages (HO)
)
Package pdftexcmds Info: \pdf@primitive is available.
Package pdftexcmds Info: \pdf@ifprimitive is available.
Package pdftexcmds Info: \pdfdraftmode found.
)
("C:\Users\Денис\AppData\Local\Programs\MiKTeX 2.9\tex/generic/oberdiek\kv
setkeys.sty"
Package: kvsetkeys 2016/05/16 v1.17 Key value parser (HO)

("C:\Users\Денис\AppData\Local\Programs\MiKTeX 2.9\tex/generic/oberdiek\et
excmds.sty"
Package: etexcmds 2016/05/16 v1.6 Avoid name clashes with e-TeX commands (HO)

("C:\Users\Денис\AppData\Local\Programs\MiKTeX 2.9\tex/generic/iftex\iflua
tex.sty"
Package: ifluatex 2019/10/25 v1.5 ifluatex legacy package. Use iftex instead.
)))
("C:\Users\Денис\AppData\Local\Programs\MiKTeX 2.9\tex/generic/oberdiek\kv
definekeys.sty"
Package: kvdefinekeys 2016/05/16 v1.4 Define keys (HO)
)
("C:\Users\Денис\AppData\Local\Programs\MiKTeX 2.9\tex/generic/oberdiek\pd
fescape.sty"
Package: pdfescape 2016/05/16 v1.14 Implements pdfTeX's escape features (HO)
)
("C:\Users\Денис\AppData\Local\Programs\MiKTeX 2.9\tex/latex/oberdiek\hyco
lor.sty"
Package: hycolor 2016/05/16 v1.8 Color options for hyperref/bookmark (HO)

("C:\Users\Денис\AppData\Local\Programs\MiKTeX 2.9\tex/latex/oberdiek\xcol
or-patch.sty"
Package: xcolor-patch 2016/05/16 xcolor patch

("C:\Users\Денис\AppData\Local\Programs\MiKTeX 2.9\tex/latex/oberdiek\hopa
tch.sty"
Package: hopatch 2016/05/16 v1.3 Wrapper for package hooks (HO)
)))
("C:\Users\Денис\AppData\Local\Programs\MiKTeX 2.9\tex/latex/oberdiek\letl
txmacro.sty"
Package: letltxmacro 2016/05/16 v1.5 Let assignment for LaTeX macros (HO)
)
("C:\Users\Денис\AppData\Local\Programs\MiKTeX 2.9\tex/latex/oberdiek\auxh
ook.sty"
Package: auxhook 2016/05/16 v1.4 Hooks for auxiliary files (HO)
)
("C:\Users\Денис\AppData\Local\Programs\MiKTeX 2.9\tex/latex/oberdiek\kvop
tions.sty"
Package: kvoptions 2016/05/16 v3.12 Key value format for package options (HO)
)
\@linkdim=\dimen266
\Hy@linkcounter=\count179
\Hy@pagecounter=\count180

("C:\Users\Денис\AppData\Local\Programs\MiKTeX 2.9\tex/latex/hyperref\pd1e
nc.def"
File: pd1enc.def 2019/11/10 v7.00c Hyperref: PDFDocEncoding definition (HO)
Now handling font encoding PD1 ...
... no UTF-8 mapping file for font encoding PD1
\symPD1letters=\mathgroup11
)
("C:\Users\Денис\AppData\Local\Programs\MiKTeX 2.9\tex/generic/oberdiek\in
tcalc.sty"
Package: intcalc 2016/05/16 v1.2 Expandable calculations with integers (HO)
)
\Hy@SavedSpaceFactor=\count181
Package hyperref Info: Option `unicode' set `true' on input line 3490.

("C:\Users\Денис\AppData\Local\Programs\MiKTeX 2.9\tex/latex/hyperref\puen
c.def"
File: puenc.def 2019/11/10 v7.00c Hyperref: PDF Unicode definition (HO)
Now handling font encoding PU ...
... no UTF-8 mapping file for font encoding PU
\symPUletters=\mathgroup12
)
("C:\Users\Денис\AppData\Local\Programs\MiKTeX 2.9\tex/latex/00miktex\hype
rref.cfg"
File: hyperref.cfg 2002/06/06 v1.2 hyperref configuration of TeXLive
)
Package hyperref Info: Option `unicode' set `true' on input line 4409.
Package hyperref Info: Option `colorlinks' set `true' on input line 4409.
Package hyperref Info: Hyper figures OFF on input line 4535.
Package hyperref Info: Link nesting OFF on input line 4540.
Package hyperref Info: Hyper index ON on input line 4543.
Package hyperref Info: Plain pages OFF on input line 4550.
Package hyperref Info: Backreferencing OFF on input line 4555.
Package hyperref Info: Implicit mode ON; LaTeX internals redefined.
Package hyperref Info: Bookmarks ON on input line 4788.
\c@Hy@tempcnt=\count182

("C:\Users\Денис\AppData\Local\Programs\MiKTeX 2.9\tex/latex/url\url.sty"
\Urlmuskip=\muskip11
Package: url 2013/09/16  ver 3.4  Verb mode for urls, etc.
)
LaTeX Info: Redefining \url on input line 5147.
\XeTeXLinkMargin=\dimen267

("C:\Users\Денис\AppData\Local\Programs\MiKTeX 2.9\tex/generic/oberdiek\bi
tset.sty"
Package: bitset 2016/05/16 v1.2 Handle bit-vector datatype (HO)

("C:\Users\Денис\AppData\Local\Programs\MiKTeX 2.9\tex/generic/oberdiek\bi
gintcalc.sty"
Package: bigintcalc 2016/05/16 v1.4 Expandable calculations on big integers (HO
)
))
\Fld@menulength=\count183
\Field@Width=\dimen268
\Fld@charsize=\dimen269
Package hyperref Info: Hyper figures OFF on input line 6418.
Package hyperref Info: Link nesting OFF on input line 6423.
Package hyperref Info: Hyper index ON on input line 6426.
Package hyperref Info: backreferencing OFF on input line 6433.
Package hyperref Info: Link coloring ON on input line 6436.
Package hyperref Info: Link coloring with OCG OFF on input line 6443.
Package hyperref Info: PDF/A mode OFF on input line 6448.
LaTeX Info: Redefining \ref on input line 6488.
LaTeX Info: Redefining \pageref on input line 6492.

("C:\Users\Денис\AppData\Local\Programs\MiKTeX 2.9\tex/generic/oberdiek\at
begshi.sty"
Package: atbegshi 2016/06/09 v1.18 At begin shipout hook (HO)

("C:\Users\Денис\AppData\Local\Programs\MiKTeX 2.9\tex/generic/iftex\ifpdf
.sty"
Package: ifpdf 2019/10/25 v3.4 ifpdf legacy package. Use iftex instead.
))
\Hy@abspage=\count184
\c@Item=\count185
\c@Hfootnote=\count186
)
Package hyperref Info: Driver (autodetected): hpdftex.

("C:\Users\Денис\AppData\Local\Programs\MiKTeX 2.9\tex/latex/hyperref\hpdf
tex.def"
File: hpdftex.def 2019/11/10 v7.00c Hyperref driver for pdfTeX

("C:\Users\Денис\AppData\Local\Programs\MiKTeX 2.9\tex/latex/oberdiek\atve
ryend.sty"
Package: atveryend 2016/05/16 v1.9 Hooks at the very end of document (HO)
)
\Fld@listcount=\count187
\c@bookmark@seq@number=\count188

("C:\Users\Денис\AppData\Local\Programs\MiKTeX 2.9\tex/latex/oberdiek\reru
nfilecheck.sty"
Package: rerunfilecheck 2016/05/16 v1.8 Rerun checks for auxiliary files (HO)

("C:\Users\Денис\AppData\Local\Programs\MiKTeX 2.9\tex/generic/oberdiek\un
iquecounter.sty"
Package: uniquecounter 2016/05/16 v1.3 Provide unlimited unique counter (HO)
)
Package uniquecounter Info: New unique counter `rerunfilecheck' on input line 2
85.
)
\Hy@SectionHShift=\skip65
)
("C:\Users\Денис\AppData\Local\Programs\MiKTeX 2.9\tex/latex/hyperref\name
ref.sty"
Package: nameref 2019/09/16 v2.46 Cross-referencing by name of section

("C:\Users\Денис\AppData\Local\Programs\MiKTeX 2.9\tex/latex/oberdiek\refc
ount.sty"
Package: refcount 2016/05/16 v3.5 Data extraction from label references (HO)
)
("C:\Users\Денис\AppData\Local\Programs\MiKTeX 2.9\tex/generic/oberdiek\ge
ttitlestring.sty"
Package: gettitlestring 2016/05/16 v1.5 Cleanup title references (HO)
)
\c@section@level=\count189
)
\c@theorem=\count190
\c@definition=\count191
\c@designation=\count192
\c@problem=\count193
) (col1.aux)
\openout1 = `col1.aux'.

LaTeX Font Info:    Checking defaults for OML/cmm/m/it on input line 12.
LaTeX Font Info:    ... okay on input line 12.
LaTeX Font Info:    Checking defaults for T1/cmr/m/n on input line 12.
LaTeX Font Info:    ... okay on input line 12.
LaTeX Font Info:    Checking defaults for OT1/cmr/m/n on input line 12.
LaTeX Font Info:    ... okay on input line 12.
LaTeX Font Info:    Checking defaults for OMS/cmsy/m/n on input line 12.
LaTeX Font Info:    ... okay on input line 12.
LaTeX Font Info:    Checking defaults for OMX/cmex/m/n on input line 12.
LaTeX Font Info:    ... okay on input line 12.
LaTeX Font Info:    Checking defaults for U/cmr/m/n on input line 12.
LaTeX Font Info:    ... okay on input line 12.
LaTeX Font Info:    Checking defaults for T2A/cmr/m/n on input line 12.
LaTeX Font Info:    ... okay on input line 12.
LaTeX Font Info:    Checking defaults for PD1/pdf/m/n on input line 12.
LaTeX Font Info:    ... okay on input line 12.
LaTeX Font Info:    Checking defaults for PU/pdf/m/n on input line 12.
LaTeX Font Info:    ... okay on input line 12.

*geometry* driver: auto-detecting
*geometry* detected driver: pdftex
*geometry* verbose mode - [ preamble ] result:
* driver: pdftex
* paper: a4paper
* layout: <same size as paper>
* layoutoffset:(h,v)=(0.0pt,0.0pt)
* modes: 
* h-part:(L,W,R)=(28.45274pt, 540.60239pt, 28.45274pt)
* v-part:(T,H,B)=(28.45274pt, 759.6886pt, 56.9055pt)
* \paperwidth=597.50787pt
* \paperheight=845.04684pt
* \textwidth=540.60239pt
* \textheight=759.6886pt
* \oddsidemargin=-43.81725pt
* \evensidemargin=-43.81725pt
* \topmargin=-80.81725pt
* \headheight=12.0pt
* \headsep=25.0pt
* \topskip=10.0pt
* \footskip=30.0pt
* \marginparwidth=57.0pt
* \marginparsep=11.0pt
* \columnsep=10.0pt
* \skip\footins=9.0pt plus 4.0pt minus 2.0pt
* \hoffset=0.0pt
* \voffset=0.0pt
* \mag=1000
* \@twocolumnfalse
* \@twosidefalse
* \@mparswitchfalse
* \@reversemarginfalse
* (1in=72.27pt=25.4mm, 1cm=28.453pt)


("C:\Users\Денис\AppData\Local\Programs\MiKTeX 2.9\tex/context/base/mkii\s
upp-pdf.mkii"
[Loading MPS to PDF converter (version 2006.09.02).]
\scratchcounter=\count194
\scratchdimen=\dimen270
\scratchbox=\box52
\nofMPsegments=\count195
\nofMParguments=\count196
\everyMPshowfont=\toks55
\MPscratchCnt=\count197
\MPscratchDim=\dimen271
\MPnumerator=\count198
\makeMPintoPDFobject=\count199
\everyMPtoPDFconversion=\toks56
)
("C:\Users\Денис\AppData\Local\Programs\MiKTeX 2.9\tex/latex/epstopdf-pkg\
epstopdf-base.sty"
Package: epstopdf-base 2019/11/24 v2.7 Base part for package epstopdf

("C:\Users\Денис\AppData\Local\Programs\MiKTeX 2.9\tex/latex/oberdiek\grfe
xt.sty"
Package: grfext 2016/05/16 v1.2 Manage graphics extensions (HO)
)
Package epstopdf-base Info: Redefining graphics rule for `.eps' on input line 4
42.
Package grfext Info: Graphics extension search list:
(grfext)             [.pdf,.png,.jpg,.mps,.jpeg,.jbig2,.jb2,.PDF,.PNG,.JPG,.JPE
G,.JBIG2,.JB2,.eps]
(grfext)             \AppendGraphicsExtensions on input line 460.
) ABD: EveryShipout initializing macros

Package pgfplots Warning: running in backwards compatibility mode (unsuitable t
ick labels; missing features). Consider writing \pgfplotsset{compat=1.16} into 
your preamble.
 on input line 12.

\c@lstlisting=\count266
\AtBeginShipoutBox=\box53
Package hyperref Info: Link coloring ON on input line 12.
LaTeX Info: Redefining \ref on input line 12.
LaTeX Info: Redefining \pageref on input line 12.
LaTeX Info: Redefining \nameref on input line 12.
(col1.out) (col1.out)
\@outlinefile=\write4
\openout4 = `col1.out'.

<<ot1.cmap>><<oml.cmap>><<oms.cmap>><<omx.cmap>>
LaTeX Font Info:    Trying to load font information for OML+cmr on input line 1
4.

("C:\Users\Денис\AppData\Local\Programs\MiKTeX 2.9\tex/latex/base\omlcmr.f
d"
File: omlcmr.fd 2014/09/29 v2.5h Standard LaTeX font definitions
)
LaTeX Font Info:    Font shape `OML/cmr/m/n' in size <12> not available
(Font)              Font shape `OML/cmm/m/it' tried instead on input line 14.
LaTeX Font Info:    Font shape `OML/cmr/m/n' in size <8> not available
(Font)              Font shape `OML/cmm/m/it' tried instead on input line 14.
LaTeX Font Info:    Font shape `OML/cmr/m/n' in size <6> not available
(Font)              Font shape `OML/cmm/m/it' tried instead on input line 14.
LaTeX Font Info:    Trying to load font information for OMS+cmr on input line 1
4.

("C:\Users\Денис\AppData\Local\Programs\MiKTeX 2.9\tex/latex/base\omscmr.f
d"
File: omscmr.fd 2014/09/29 v2.5h Standard LaTeX font definitions
)
LaTeX Font Info:    Font shape `OMS/cmr/m/n' in size <12> not available
(Font)              Font shape `OMS/cmsy/m/n' tried instead on input line 14.
LaTeX Font Info:    Font shape `OMS/cmr/m/n' in size <8> not available
(Font)              Font shape `OMS/cmsy/m/n' tried instead on input line 14.
LaTeX Font Info:    Font shape `OMS/cmr/m/n' in size <6> not available
(Font)              Font shape `OMS/cmsy/m/n' tried instead on input line 14.
LaTeX Font Info:    Trying to load font information for U+msa on input line 14.


("C:\Users\Денис\AppData\Local\Programs\MiKTeX 2.9\tex/latex/amsfonts\umsa
.fd"
File: umsa.fd 2013/01/14 v3.01 AMS symbols A
)
LaTeX Font Info:    Trying to load font information for U+msb on input line 14.


("C:\Users\Денис\AppData\Local\Programs\MiKTeX 2.9\tex/latex/amsfonts\umsb
.fd"
File: umsb.fd 2013/01/14 v3.01 AMS symbols B
)
LaTeX Font Info:    Trying to load font information for U+rsfs on input line 14
.

("C:\Users\Денис\AppData\Local\Programs\MiKTeX 2.9\tex/latex/jknappen\ursf
s.fd"
File: ursfs.fd 1998/03/24 rsfs font definition file (jk)
)
LaTeX Font Info:    Trying to load font information for U+bbold on input line 1
4.

("C:\Users\Денис\AppData\Local\Programs\MiKTeX 2.9\tex/latex/jknappen\ubbo
ld.fd"
File: ubbold.fd 1996/01/01 Blackboard Bold Font Definition File (jk)
)
LaTeX Font Info:    Trying to load font information for PD1+cmr on input line 1
4.
LaTeX Font Info:    No file PD1cmr.fd. on input line 14.


LaTeX Font Warning: Font shape `PD1/cmr/m/n' undefined
(Font)              using `PD1/pdf/m/n' instead on input line 14.

LaTeX Font Info:    Trying to load font information for PU+cmr on input line 14
.
LaTeX Font Info:    No file PUcmr.fd. on input line 14.

LaTeX Font Warning: Font shape `PU/cmr/m/n' undefined
(Font)              using `PU/pdf/m/n' instead on input line 14.

LaTeX Font Info:    Font shape `OML/cmr/m/n' in size <10> not available
(Font)              Font shape `OML/cmm/m/it' tried instead on input line 16.
LaTeX Font Info:    Font shape `OML/cmr/m/n' in size <7> not available
(Font)              Font shape `OML/cmm/m/it' tried instead on input line 16.
LaTeX Font Info:    Font shape `OML/cmr/m/n' in size <5> not available
(Font)              Font shape `OML/cmm/m/it' tried instead on input line 16.
LaTeX Font Info:    Font shape `OMS/cmr/m/n' in size <10> not available
(Font)              Font shape `OMS/cmsy/m/n' tried instead on input line 16.
LaTeX Font Info:    Font shape `OMS/cmr/m/n' in size <7> not available
(Font)              Font shape `OMS/cmsy/m/n' tried instead on input line 16.
LaTeX Font Info:    Font shape `OMS/cmr/m/n' in size <5> not available
(Font)              Font shape `OMS/cmsy/m/n' tried instead on input line 16.
[1

{C:/Users/Денис/AppData/Local/MiKTeX/2.9/pdftex/config/pdftex.map}]
[2] [3]
Package atveryend Info: Empty hook `BeforeClearDocument' on input line 170.
Package atveryend Info: Empty hook `AfterLastShipout' on input line 170.
 (col1.aux)
Package atveryend Info: Executing hook `AtVeryEndDocument' on input line 170.
Package atveryend Info: Executing hook `AtEndAfterFileList' on input line 170.
Package rerunfilecheck Info: File `col1.out' has not changed.
(rerunfilecheck)             Checksum: D41D8CD98F00B204E9800998ECF8427E;0.


LaTeX Font Warning: Some font shapes were not available, defaults substituted.

 ) 
Here is how much of TeX's memory you used:
 35907 strings out of 492484
 783271 string characters out of 3119336
 956775 words of memory out of 3000000
 39505 multiletter control sequences out of 15000+200000
 21705 words of font info for 67 fonts, out of 3000000 for 9000
 1141 hyphenation exceptions out of 8191
 76i,7n,102p,1052b,609s stack positions out of 5000i,500n,10000p,200000b,50000s
 <C:\Users\Денис\AppData\Local\MiKTeX\2.9\fonts/pk/ljfour/lh/lh-t2a/dpi6
00\lati1000.pk> <C:\Users\Денис\AppData\Local\MiKTeX\2.9\fonts/pk/ljfour/l
h/lh-t2a/dpi600\labx1000.pk> <C:\Users\Денис\AppData\Local\MiKTeX\2.9\font
s/pk/ljfour/lh/lh-t2a/dpi600\larm1000.pk> <C:\Users\Денис\AppData\Local\Mi
KTeX\2.9\fonts/pk/ljfour/lh/lh-t2a/dpi600\larm1200.pk> <C:\Users\Денис\App
Data\Local\MiKTeX\2.9\fonts/pk/ljfour/lh/lh-t2a/dpi600\larm2488.pk><C:/Users/Д
енис/AppData/Local/Programs/MiKTeX 2.9/fonts/type1/public/amsfonts/cm/cmex1
0.pfb><C:/Users/Денис/AppData/Local/Programs/MiKTeX 2.9/fonts/type1/public
/amsfonts/cm/cmmi10.pfb><C:/Users/Денис/AppData/Local/Programs/MiKTeX 2.9/
fonts/type1/public/amsfonts/cm/cmmi5.pfb><C:/Users/Денис/AppData/Local/Pro
grams/MiKTeX 2.9/fonts/type1/public/amsfonts/cm/cmmi7.pfb><C:/Users/Денис/
AppData/Local/Programs/MiKTeX 2.9/fonts/type1/public/amsfonts/cm/cmr10.pfb><C:/
Users/Денис/AppData/Local/Programs/MiKTeX 2.9/fonts/type1/public/amsfonts/
cm/cmr5.pfb><C:/Users/Денис/AppData/Local/Programs/MiKTeX 2.9/fonts/type1/
public/amsfonts/cm/cmr7.pfb><C:/Users/Денис/AppData/Local/Programs/MiKTeX 
2.9/fonts/type1/public/amsfonts/cm/cmsy10.pfb><C:/Users/Денис/AppData/Loca
l/Programs/MiKTeX 2.9/fonts/type1/public/amsfonts/cm/cmsy7.pfb><C:/Users/Ден
ис/AppData/Local/Programs/MiKTeX 2.9/fonts/type1/public/amsfonts/symbols/msam
10.pfb><C:/Users/Денис/AppData/Local/Programs/MiKTeX 2.9/fonts/type1/publi
c/amsfonts/symbols/msbm10.pfb>
Output written on col1.pdf (3 pages, 184036 bytes).
PDF statistics:
 312 PDF objects out of 1000 (max. 8388607)
 34 named destinations out of 1000 (max. 500000)
 33 words of extra memory for PDF output out of 10000 (max. 10000000)

